<?xml version="1.0" encoding="UTF-8"?>
<!-- Generated by org.testng.reporters.JUnitXMLReporter -->
<testsuite ignored="2" hostname="DESKTOP-5BKKI8L" failures="0" tests="1" name="Default test" time="18.598" errors="0" timestamp="2024-04-15T04:40:53 PDT">
  <testcase classname="com.allianz.test.LoginUITest" name="applicationDescriptionTest" time="18.462"/>
  <testcase classname="com.allianz.test.LoginUITest" name="getTitle" time="0.0">
    <ignored/>
  </testcase> <!-- getTitle -->
  <testcase classname="com.allianz.test.LoginUITest" name="titleTest" time="0.0">
    <ignored/>
  </testcase> <!-- titleTest -->
</testsuite> <!-- Default test -->
