<?xml version="1.0" encoding="UTF-8"?>
<!-- Generated by org.testng.reporters.JUnitXMLReporter -->
<testsuite ignored="1" hostname="DESKTOP-5BKKI8L" failures="0" tests="1" name="Default test" time="18.122" errors="0" timestamp="2024-04-22T23:41:50 PDT">
  <testcase classname="com.allianz.test.LoginTest" name="validLoginTest" time="4.117"/>
  <testcase classname="com.allianz.test.LoginTest" name="invalidLoginTest" time="0.0">
    <ignored/>
  </testcase> <!-- invalidLoginTest -->
</testsuite> <!-- Default test -->
