<?xml version="1.0" encoding="UTF-8"?>
<!-- Generated by org.testng.reporters.JUnitXMLReporter -->
<testsuite ignored="0" hostname="DESKTOP-5BKKI8L" failures="0" tests="5" name="Test" time="58.179" errors="0" timestamp="2024-04-30T00:07:23 PDT">
  <testcase classname="com.allianz.test.LoginUITest" name="applicationDescriptionTest" time="1.255"/>
  <testcase classname="com.allianz.test.LoginUITest" name="getTitle" time="0.045"/>
  <testcase classname="com.allianz.test.LoginUITest" name="titleTest" time="0.004"/>
  <testcase classname="com.allianz.test.LoginUITest" name="titleTest" time="0.01"/>
  <testcase classname="com.allianz.test.LoginUITest" name="titleTest" time="0.008"/>
</testsuite> <!-- Test -->
