<?xml version="1.0" encoding="UTF-8"?>
<testng-results ignored="0" total="5" passed="5" failed="0" skipped="0">
  <reporter-output>
  </reporter-output>
  <suite started-at="2024-04-30T00:06:24 PDT" name="Suite" finished-at="2024-04-30T00:07:23 PDT" duration-ms="58179">
    <groups>
    </groups>
    <test started-at="2024-04-30T00:06:24 PDT" name="Test" finished-at="2024-04-30T00:07:23 PDT" duration-ms="58179">
      <class name="com.allianz.test.LoginUITest">
        <test-method is-config="true" signature="setup()[pri:0, instance:com.allianz.test.LoginUITest@3f6f6701]" started-at="2024-04-30T00:06:25 PDT" name="setup" finished-at="2024-04-30T00:06:36 PDT" duration-ms="11176" status="PASS">
          <reporter-output>
          </reporter-output>
        </test-method> <!-- setup -->
        <test-method signature="applicationDescriptionTest()[pri:0, instance:com.allianz.test.LoginUITest@3f6f6701]" started-at="2024-04-30T00:06:36 PDT" name="applicationDescriptionTest" finished-at="2024-04-30T00:06:37 PDT" duration-ms="1255" status="PASS">
          <reporter-output>
          </reporter-output>
        </test-method> <!-- applicationDescriptionTest -->
        <test-method is-config="true" signature="tearDown()[pri:0, instance:com.allianz.test.LoginUITest@3f6f6701]" started-at="2024-04-30T00:06:37 PDT" name="tearDown" finished-at="2024-04-30T00:06:37 PDT" duration-ms="362" status="PASS">
          <reporter-output>
          </reporter-output>
        </test-method> <!-- tearDown -->
        <test-method is-config="true" signature="setup()[pri:0, instance:com.allianz.test.LoginUITest@3f6f6701]" started-at="2024-04-30T00:06:37 PDT" name="setup" finished-at="2024-04-30T00:06:47 PDT" duration-ms="9425" status="PASS">
          <reporter-output>
          </reporter-output>
        </test-method> <!-- setup -->
        <test-method signature="getTitle()[pri:0, instance:com.allianz.test.LoginUITest@3f6f6701]" started-at="2024-04-30T00:06:47 PDT" name="getTitle" finished-at="2024-04-30T00:06:47 PDT" duration-ms="45" status="PASS">
          <reporter-output>
          </reporter-output>
        </test-method> <!-- getTitle -->
        <test-method is-config="true" signature="tearDown()[pri:0, instance:com.allianz.test.LoginUITest@3f6f6701]" started-at="2024-04-30T00:06:47 PDT" name="tearDown" finished-at="2024-04-30T00:06:47 PDT" duration-ms="503" status="PASS">
          <reporter-output>
          </reporter-output>
        </test-method> <!-- tearDown -->
        <test-method is-config="true" signature="setup()[pri:0, instance:com.allianz.test.LoginUITest@3f6f6701]" started-at="2024-04-30T00:06:47 PDT" name="setup" finished-at="2024-04-30T00:07:00 PDT" duration-ms="12766" status="PASS">
          <reporter-output>
          </reporter-output>
        </test-method> <!-- setup -->
        <test-method signature="titleTest()[pri:0, instance:com.allianz.test.LoginUITest@3f6f6701]" started-at="2024-04-30T00:07:00 PDT" name="titleTest" finished-at="2024-04-30T00:07:00 PDT" duration-ms="4" status="PASS">
          <reporter-output>
          </reporter-output>
        </test-method> <!-- titleTest -->
        <test-method is-config="true" signature="tearDown()[pri:0, instance:com.allianz.test.LoginUITest@3f6f6701]" started-at="2024-04-30T00:07:00 PDT" name="tearDown" finished-at="2024-04-30T00:07:00 PDT" duration-ms="170" status="PASS">
          <reporter-output>
          </reporter-output>
        </test-method> <!-- tearDown -->
        <test-method is-config="true" signature="setup()[pri:0, instance:com.allianz.test.LoginUITest@3f6f6701]" started-at="2024-04-30T00:07:00 PDT" name="setup" finished-at="2024-04-30T00:07:13 PDT" duration-ms="12808" status="PASS">
          <reporter-output>
          </reporter-output>
        </test-method> <!-- setup -->
        <test-method signature="titleTest()[pri:0, instance:com.allianz.test.LoginUITest@3f6f6701]" started-at="2024-04-30T00:07:13 PDT" name="titleTest" finished-at="2024-04-30T00:07:13 PDT" duration-ms="10" status="PASS">
          <reporter-output>
          </reporter-output>
        </test-method> <!-- titleTest -->
        <test-method is-config="true" signature="tearDown()[pri:0, instance:com.allianz.test.LoginUITest@3f6f6701]" started-at="2024-04-30T00:07:13 PDT" name="tearDown" finished-at="2024-04-30T00:07:13 PDT" duration-ms="363" status="PASS">
          <reporter-output>
          </reporter-output>
        </test-method> <!-- tearDown -->
        <test-method is-config="true" signature="setup()[pri:0, instance:com.allianz.test.LoginUITest@3f6f6701]" started-at="2024-04-30T00:07:13 PDT" name="setup" finished-at="2024-04-30T00:07:22 PDT" duration-ms="8701" status="PASS">
          <reporter-output>
          </reporter-output>
        </test-method> <!-- setup -->
        <test-method signature="titleTest()[pri:0, instance:com.allianz.test.LoginUITest@3f6f6701]" started-at="2024-04-30T00:07:22 PDT" name="titleTest" finished-at="2024-04-30T00:07:22 PDT" duration-ms="8" status="PASS">
          <reporter-output>
          </reporter-output>
        </test-method> <!-- titleTest -->
        <test-method is-config="true" signature="tearDown()[pri:0, instance:com.allianz.test.LoginUITest@3f6f6701]" started-at="2024-04-30T00:07:22 PDT" name="tearDown" finished-at="2024-04-30T00:07:23 PDT" duration-ms="373" status="PASS">
          <reporter-output>
          </reporter-output>
        </test-method> <!-- tearDown -->
      </class> <!-- com.allianz.test.LoginUITest -->
    </test> <!-- Test -->
  </suite> <!-- Suite -->
</testng-results>
