<?xml version="1.0" encoding="UTF-8"?>
<testng-results ignored="0" total="1" passed="1" failed="0" skipped="0">
  <reporter-output>
  </reporter-output>
  <suite started-at="2024-04-15T04:40:34 PDT" name="Default suite" finished-at="2024-04-15T04:40:53 PDT" duration-ms="18598">
    <groups>
    </groups>
    <test started-at="2024-04-15T04:40:34 PDT" name="Default test" finished-at="2024-04-15T04:40:53 PDT" duration-ms="18598">
      <class name="com.allianz.test.LoginUITest">
        <test-method signature="applicationDescriptionTest()[pri:0, instance:com.allianz.test.LoginUITest@201a4587]" started-at="2024-04-15T04:40:35 PDT" name="applicationDescriptionTest" finished-at="2024-04-15T04:40:53 PDT" duration-ms="18462" status="PASS">
          <reporter-output>
          </reporter-output>
        </test-method> <!-- applicationDescriptionTest -->
      </class> <!-- com.allianz.test.LoginUITest -->
    </test> <!-- Default test -->
  </suite> <!-- Default suite -->
</testng-results>
